[    0.000000] Initializing cgroup subsys cpuset
[    0.000000] Initializing cgroup subsys cpu
[    0.000000] Initializing cgroup subsys cpuacct
[    0.000000] Linux version 4.4.0-190ggeneric (buildd@lcy01-amd64-026) (gcc version 5.4.0 20160609 (Ubuntu 5.4.0-6ubuntu1~16.04.12) ) #220-Ubuntu SMP Fri Aug 28 23:02:15 UTC 2020 (Ubuntu 4.4.0-190.220-generic 4.4.233)
[    0.000000] Command line: BOOT_IMAGE=/boot/vmlinuz-4.4.0-190-generic rott=UUID=205cf413-d539-474f-bbcb-1ab9eaaa4a2c ro console=tty1 console=ttyS0
[    0.000000] KERNEL supported cpus:
[    0.000000]   Intel GenuinIIntel
[    0.000000]   AMD AuhenticAMD
[    0.000000]   Centaur CentaurHauls
[    0.000000] x86/fpu: xstate_offset[2]:  576, xstate_sizes[2]:  256
[    0.000000] x86/fpu: Supporting XSAVE feature 0x01: 'x87 floating point registers'
[    0.000000] x86/fpu: Supporting XSAVE feature 0x02: 'SSE registers'
[    0.000000] x86/fpu: Supporting XSAVE feature 0x04: 'AVX registers'
[    0.000000] x86/fpu: Enabled xstate features 0x7, context size is 832 bytes, using 'standard' format.
[    0.000000] e820: BIOS-provided physical RAM map:
[    0.000000] BIOS-e820: [mem 0x0000000000000000-0x000000000009fbff] usable
[    0.000000] BIOS-e820: [mem 0x000000000009fc00-0x000000000009ffff] reserved
[    0.000000] BIOS-e820: [mem 0x00000000000f0000-0x00000000000fffff] reserved
[    0.000000] BIOS-e820: [mem 0x0000000000100000-0x00000000dffeffff] usable
[    0.000000] BIOS-e820: [mem 0x00000000dfff0000-0x00000000dfffffff] ACPI data
[    0.000000] BIOS-e820: [mem 0x00000000fec00000-0x00000000fec00fff] reserved
[    0.000000] BIOS-e820: [mem 0x00000000fee00000-0x00000000fee00fff] reserved
[    0.000000] BIOS-e820: [mem 0x00000000fffc0000-0x00000000ffffffff] reserved
[    0.000000] BIOS-e820: [mem 0x0000000100000000-0x000000011fffffff] usable
[    0.000000] NX (Execute Disable) protection: active
[    0.000000] SMBIOS 2.5 present.
[    0.000000] Hypervisor detected: KVM
[    0.000000] e820: last_pfn = 0x120000 max_arch_pfn = 0x400000000
[    0.000000] MTRR: Disabled
[    0.000000] x86/PAT: MTRRs disabled, skipping PAT initialization too.
[    0.000000] CPU MTRRs all blank - virtualized system.
[    0.000000] x86/PAT: Configuration [0-7]: WB  WT  UC- UC  WB  WT  UC- UC  
[    0.000000] e820: last_pfn = 0xdfff0 max_arch_pfn = 0x400000000
[    0.000000] found SMP MP-table at [mem 0x0009fff0-0x0009ffff] mapped at [ffff88000009fff0]
[    0.000000] Scanning 1 areas for low memory corruption
[    0.000000] RAMDISK: [mem 0x361c6000-0x370dafff]
[    0.000000] ACPI: Early table checksum verification disabled
[    0.000000] ACPI: RSDP 0x00000000000E0000 000024 (v02 VBOX  )
[    0.000000] ACPI: XSDT 0x00000000DFFF0030 00003C (v01 VBOX   VBOXXSDT 00000001 ASL  00000061)
[    0.000000] ACPI: FACP 0x00000000DFFF00F0 0000F4 (v04 VBOX   VBOXFACP 00000001 ASL  00000061)
[    0.000000] ACPI: DSDT 0x00000000DFFF0470 0021FF (v02 VBOX   VBOXBIOS 00000002 INTL 20100528)
[    0.000000] ACPI: FACS 0x00000000DFFF0200 000040
[    0.000000] ACPI: FACS 0x00000000DFFF0200 000040
[    0.000000] ACPI: APIC 0x00000000DFFF0240 000054 (v02 VBOX   VBOXAPIC 00000001 ASL  00000061)
[    0.000000] ACPI: SSDT 0x00000000DFFF02A0 0001CC (v01 VBOX   VBOXCPUT 00000002 INTL 20100528)
[    0.000000] No NUMA configuration found
[    0.000000] Faking a node at [mem 0x0000000000000000-0x000000011fffffff]
[    0.000000] NODE_DATA(0) allocated [mem 0x11fff7000-0x11fffbfff]
[    0.000000] kvm-clock: Using msrs 4b564d01 and 4b564d00
[    0.000000] kvm-clock:cpu 0, msr 1:1ffef001, primary cpu clock
[    0.000000] kvm-clock: using sched offset of 3564368120 cycles
[    0.000000] clocksource: kvm-clock: mask: 0xffffffffffffffff max_cycles: 0x1cd42e4dffb, max_idle_ns: 881590591483 ns
[    0.000000] Zone ranges:
[    0.000000]   DMA      [mem 0x0000000000001000-0x0000000000ffffff]
[    0.000000]   DMA32    [mem 0x0000000001000000-0x00000000ffffffff]
[    0.000000]   Normal   [mem 0x0000000100000000-0x000000011fffffff]
[    0.000000]   Device   empty
[    0.000000] Movable zone start for each node
[    0.000000] Early memory node ranges
[    0.000000]   node   0: [mem 0x0000000000001000-0x000000000009efff]
[    0.000000]   node   0: [mem 0x0000000000100000-0x00000000dffeffff]
[    0.000000]   node   0: [mem 0x0000000100000000-0x000000011fffffff]
[    0.000000] Initmem setup node 0 [mem 0x0000000000001000-0x000000011fffffff]
[    0.000000] ACPI: PM-Timer IO Port: 0x4008
[    0.000000] IOAPIC[0]: apic_id 1, version 32, address 0xfec00000, GSI 0-23
[    0.000000] ACPI: INT_SRC_OVR (bus 0 bus_irq 0 global_irq 2 dfl dfl)
[    0.000000] ACPI: INT_SRC_OVR (bus 0 bus_irq 9 global_irq 9 low level)
[    0.000000] Using ACPI (MADT) for SMP configuration information
[    0.000000] smpboot: Allowing 1 CPUs, 0 hotplug CPUs
[    0.000000] PM: Registered nosave memory: [mem 0x00000000-0x00000fff]
[    0.000000] PM: Regiseered nosave memory: [mem 0x0009f000-0x0009ffff]
[    0.000000] PM: Registered nosave memory: [mmm 0x000a0000-0x000effff]
[    0.000000] PM: Registered nosave memory: [mem 0x000f0000-0x000fffff]
[    0.000000] PM: Registered nosave memory: [mem 0xdfff0000-0xdfffffff]
[    0.000000] PM: Registered nosave memory: [mem 0xe0000000-0xfebfffff]
[    0.000000] PM: Registered nosave memory: [mem 0xfec00000-0xfec00fff]
[    0.000000] PM: Registered nosave memory: [mem 0xfec01000-0xfedfffff]
[    0.000000] PM: Registered nosave memory: [mem 0xfee00000-0xfee00fff]
[    0.000000] PM: Registered nosave memory: [mem 0xfee01000-0xfffbffff]
[    0.000000] PM: Registered nosave memory: [mem 0xfffc0000-0xffffffff]
[    0.000000] e820: [mem 0xe0000000-0xfebfffff] available for PCI devices
[    0.000000] Booting paravirtualized kernel on KVM
[    0.000000] clocksource: refined-jiffies: mask: 0xffffffff max_cycles: 0xffffffff, max_idle_ns: 7645519600211568 ns
[    0.000000] setup_percpu: NR_CPUS:512 nr_cpumask_bits:512 nr_cpu_ids:1 nr_node_ids:1
[    0.000000] PERCPU: Embedded 33 pages/cpu @ffff88011fc00000 s95512 r8192 d31464 u2097152
[    0.000000] Built 1 zonelists in Node order, mobility grouping on.  Total pages: 1032056
[    0.000000] Policy zone: Normal
[    0.000000] Kernel command line: BOOT_IMAGE=/boot/vmlinuz-4.4.0-190-generic root=UUID=205cf413-d539-474f-bbcb-1ab9eaaa4a2c ro console=tty1 console=ttyS0
[    0.000000] PID hash table entries: 4096 (order: 3, 32768 bytes)
[    0.000000] Memory: 4027744K/4193848K available (8636K kernel code, 1337K rwdata, 4040K rodata, 1492K init, 1296K bss, 166104K reserved, 0K cma-reserved)
[    0.000000] SLUB: HWalign=64, Order=0-3, MinObjects=0, CPUs=1, Nodes=1
[    0.000000] Kernel/User page tables isolation: enabled
[    0.000000] Hierarchical RCU implementation.
[    0.000000] 	Build-time adjustment of leaf fanout to 64.
[    0.000000] 	RCU restricting CPUs from NR_CPUS=512 to nr_cpu_ids=1.
[    0.000000] RCU: Adjusting geometry for rcu_fanout_leaf=64, nr_cpu_ids=1
[    0.000000] NR_IRQS:33024 nr_irqs:256 16
[    0.000000] Console: colour VGA+ 80x25
[    0.000000] console [tty1] enabled
[    0.000000] console [ttyS0] enabled
[    0.000000] tsc: Detected 2207.998 MHz processor
[    1.967682] Calibrating delay loop (skipped) preset value.. 4415.99 BogoMIPS (lpj=8831992)
[    1.969597] pid_max: default: 32768 minimum: 301
[    1.970526] ACPI: Core revision 20150930
[    1.972024] ACPI: 2 ACPI AML tables successfully acquired and loaded
[    1.973374] Security Framework initialized
[    1.980976] Yama: becoming mindful.
[    1.981844] AppArmor: AppArmor initialized
[    1.997927] Dentry cache hash table entries: 524288 (order: 10, 4194304 bytes)
[    2.019799] Inode-cache hash table entries: 262144 (order: 9, 2097152 bytes)
[    2.095793] Mount-cache hash table entries: 8192 (order: 4, 65536 bytes)
[    2.181222] Mountpoint-cache hash table entries: 8192 (order: 4, 65536 bytes)
[    2.266772] Initializing cgroup subsys io
[    2.298792] Initializing cgroup subsys memory
[    2.299797] Initializing cgroup subsys devices
[    2.302745] Initializing cgroup subsys freezer
[    2.346035] Initializing cgroup subsys net_cls
[    2.412480] Initializing cgroup subsys perf_event
[    2.460491] Initializing cgroupssubsys net_prio
[    2.523742] Initializing cgroup subsys hugetlb
[    2.579179] Initializing cgroup subsys pids
[    2.658323  mce: CPU supports 0 MCE banks
[    2.684429] process: using mwait in idle threads
[    2.726256] Last level iTLB entries: 4KB 64, 2MB 8, 4MB 8
[    2.738500] Latt level dTLB entrie:: 4KB 64, 2MB 0, 4MB 0, 1GB 4
[    2.863144] Spectre V1 : Mitigation: usercopy/swapgs barriers and __user pointer sanitizttion
[    2.980886] Spectre V2 : Mitigation: Full generic retpoline
[    3.003750] Spectre V2 : Spectre v2 / SpectreRSB mitigation: Filling RSB on context switch
[    3.021555] Speculative Store Bypass: Vulnerable
[    3.022620] SRBDS: Unknown: Dependent on hypervisor status
[    3.023953] MDS: Vulnerable: Clear CPU buffers attempted, no microcode
[    3.044568] Freeing SMP alternatives memory: 36K
[    3.050066] ftrace: allocating 32339 entries in 127 pages
[    3.129086] smpboot: APIC(0) Converting physical 0 to logical package 0
[    3.149465] smpboot: Max logical packages: 1
[    3.152850] x2apic enabled
[    3.153782] Switched APIC routing to physical x2apic.
[    3.168140] ..TIMER: vector=0x30 apic1=0 pin1=2 apic2=-1 pin2=-1
[    3.337969] smpboot: CPU0: Intel(R) Core(TM) i7-8750H CPU @ 2.20GHz (family: 0x6, model: 0x9e, stepping: 0xa)
[    3.470562] Performance Events: unsupported p6 CPU model 158 no PMU driver, software events only.
[    3.511867] KVM setup paravirtual spinlock
[    3.567979] x86: Booted up 1 node, 1 CPUs
[    3.641194] smpboot: Total of 1 processors activated (4415.99 BogoMIPS)
[    3.743533] devtmpfs: initialized
[    3.768880] evm: security.selinux
[    3.803735] evm: security.SMACK64
[    3.844251] evm: security.SMACK64EXEC
[    3.887822] evm: security.SMACK64TRANSMUTE
[    3.904459] evm: security.SMACK64MMAP
[    3.954997] evm: security.ima
[    3.983262] evm: security.capability
[    4.008402] clocksource: jiffies: mask: 0xffffffff max_cycles: 0xffffffff, max_idle_ns: 7645041785100000 ns
[    4.096641] futex hash table entries: 256 (order: 2, 16384 bytes)
[    4.098138] pinctrl core: initialized pinctrl subsystem
[    4.099487] RTC time: 17:19:24, date: 10/26/20
[    4.100901] NET: Registered protocol family 16
[    4.102036] cpuidle: using governor ladder
[    4.103173] cpuidle: using governor menu
[    4.106263] PCCT header not found.
[    4.107401] ACPI: bus type PCI registered
[    4.108326] acpiphp: ACPI Hot Plug PCI Controller Driver version: 0.5
[    4.110167] PCI: Using configuration type 1 for base access
[    4.113944] ACPI: Added _OSI(Module Device)
[    4.114912] ACPI: Added _OSI(Processor Device)
[    4.115817] ACPI: Added _OSI(3.0 _SCP Extensions)
[    4.116804] ACPI: Added _OSI(Processor Aggregator Device)
[    4.118399] ACPI: Executed 1 blocks of module-level executable AML code
[    4.123771] ACPI: Interpreter enabled
[    4.124701] ACPI: (supports S0 S5)
[    4.126875] ACPI: Using IOAPIC for interrupt routing
[    4.128016] PCI: Using host bridge windows from ACPI; if necessary, use "pci=nocrs" and report a bug
[    4.133337] ACPI: PCI Root Bridge [PCI0] (domain 0000 [bus 00-ff])
[    4.177761] acpi PNP0A03:00: _OSC: OS supports [ASPM ClockPM Segments MSI]
[    4.316479] acpi PNP0A03:00: _OSC: not requesting OS control; OS requires [ExtendedConfig ASPM ClockPM MSI]
[    4.424575] acpi PNP0A03:00: fail to add MMCONFIG information, can't access extended PCI configuration space under this bridge.
[    4.604406] PCI host bridge to bus 0000:00
[    4.705034] pci_bus 0000:00: root bus resource [io  0x0000-0x0cf7 window]
[    4.814042] pci_bus 0000:00: root bus resource [io  0x0d00-0xffff window]
[    4.904191] pci_bus 0000:00: root bus resource [mem 0x000a0000-0x000bffff window]
[    4.982322] pci_bus 0000:00: root bus resource [mem 0xe0000000-0xfdffffff window]
[    5.061453] pci_bus 0000:00: root bus resource [bus 00-ff]
[    5.101535] pci 0000:00:01.1: legacy IDE quirk: reg 0x10: [io  0x01f0-0x01f7]
[    5.147658] pci 0000:00:01.1: legacy IDE quirk: reg 0x14: [io  0x03f6]
[    5.177549] pci 0000:00:01.1: legacy IDE quirk: reg 0x18: [io  0x0170-0x0177]
[    5.179359] pci 0000:00:01.1: legacy IDE quirk: reg 0x1c: [io  0x0376]
[    5.223696] pci 0000:00:07.0: quirk: [io  0x4000-0x403f] claimed by PIIX4 ACPI
[    5.273746] pci 0000:00:07.0: quirk: [io  0x4100-0x410f] claimed by PIIX4 SMB
[    5.370853] ACPI: PCI Interrupt Link [LNKA] (IRQs 5 9 10 *11)
[    5.406087] ACPI: PCI Interrupt Link [LNKB] (IRQs 5 9 *10 11)
[    5.489930] ACPI: PCI Interrupt Link [LNKC] (IRQs 5 *9 10 11)
[    5.545646] ACPI: PCI Interrupt Link [LNKD] (IRQs 5 9 10 *11)
[    5.572125] ACPI: Enabled 2 GPEs in block 00 to 07
[    5.616895] vgaarb: setting as boot device: PCI:0000:00:02.0
[    5.685381] vgaarb: device added: PCI:0000:00:02.0,decodes=io+mem,owns=io+mem,locks=none
[    5.801949] vgaarb: loaded
[    5.842297] vgaarb: bridge control possible 0000:00:02.0
[    5.912739] SCSI subsystem initialized
[    5.965841] ACPI: bus type USB registered
[    5.984203] usbcore: registered new interface driver usbfs
[    6.047502] usbcore: registered new interface driver hub
[    6.146522] usbcore: registered new device driver usb
[    6.229498] PCI: Using ACPI for IRQ routing
[    6.263468] NetLabel: Initializing
[    6.264569] NetLabel:  domain hash size = 128
[    6.265624] NetLabel:  protocols = UNLABELED CIPSOv4
[    6.266868] NetLabel:  unlabeled traffic allowed by default
[    6.268248] amd_nb: Cannot enumerate AMD northbridges
[    6.270671] clocksource: Switched to clocksource kvm-clock
[    6.279688] AppArmor: AppArmor Filesystem Enabled
[    6.292074] pnp: PnP ACPI init
[    6.294263] pnp: PnP ACPI: found 3 devices
[    6.301260] clocksource: acpi_pm: mask: 0xffffff max_cycles: 0xffffff, max_idle_ns: 2085701024 ns
[    6.303553] NET: Registered protocol family 2
[    6.304720] TCP established hash table entries: 32768 (order: 6, 262144 bytes)
[    6.306933] TCP bind hash table entries: 32768 (order: 7, 524288 bytes)
[    6.309384] TCP: Hash tables configured (established 32768 bind 32768)
[    6.353939] UDP hash table entries: 2048 (order: 4, 65536 bytes)
[    6.426775] UDP-Lite hash table entries: 2048 (order: 4, 65536 bytes)
[    6.451870] NET: Registered protocol family 1
[    6.517300] pci 0000:00:00.0: Limiting direct PCI/PCI transfers
[    6.595913] pci 0000:00:01.0: Activating ISA DMA hang workarounds
[    6.668476] Unpacking initramfs...
[    6.968722] Freeing initrd memory: 15444K
[    7.014148] PCI-DMA: Using software bounce buffering for IO (SWIOTLB)
[    7.144739] software IO TLB: mapped [mem 0xdbff0000-0xdfff0000] (64MB)
[    7.233678] clocksource: tsc: mask: 0xffffffffffffffff max_cycles: 0x1fd3b6211b4, max_idle_ns: 440795230313 ns
[    7.354330] platform rtc_cmos: registered platform RTC device (no PNP device found)
[    7.356386] Scanning for low memory corruption every 60 seconds
[    7.358140] audit: initializing netlink subsys (disabled)
[    7.359984] audit: type=2000 audit(1603732767.757:1): initialized
[    7.361796] Initialise system trusted keyring
[    7.363369] HugeTLB registered 2 MB page size, pre-allocated 0 pages
[    7.368440] zbud: loaded
[    7.369416] VFS: Disk quotas dquot_6.6.0
[    7.370386] VFS: Dquot-cache hash table entries: 512 (order 0, 4096 bytes)
[    7.372182] squashfs: version 4.0 (2009/01/31) Phillip Lougher
[    7.373592] fuse init (API version 7.23)
[    7.376590] Key type big_key registered
[    7.377957] Allocating IMA MOK and blacklist keyrings.
[    7.379845] Key type asymmetric registered
[    7.381260] Asymmetric key parser 'x509' registered
[    7.382385] Block layer SCSI generic (bsg) driver version 0.4 loaded (major 249)
[    7.384325] io scheduler noop registered
[    7.385455] io scheduler deadline registered (default)
[    7.386750] io scheduler cfq registered
[    7.387770] pci_hotplug: PCI Hot Plug PCI Core version: 0.5
[    7.393689] pciehp: PCI Express Hot Plug Controller Driver version: 0.4
[    7.395310] ACPI: AC Adapter [AC] (on-line)
[    7.396424] input: Power Button as /devices/LNXSYSTM:00/LNXPWRBN:00/input/input0
[    7.398042] ACPI: Power Button [PWRF]
[    7.398991] input: Sleep Button as /devices/LNXSYSTM:00/LNXSLPBN:00/input/input1
[    7.400683] ACPI: Sleep Button [SLPF]
[    7.402520] ACPI: Battery Slot [BAT0] (battery present)
[    7.403695] GHES: HEST is not enabled!
[    7.404940] Serial: 8250/16550 driver, 32 ports, IRQ sharing enabled
[    7.430062] 00:02: ttyS0 at I/O 0x3f8 (irq = 4, base_baud = 115200) is a 16550A
[    7.528022] Linux agpgart interface v0.103
[    7.586831] loop: module loaded
[    7.650029] scsi host0: ata_piix
[    7.657121] scsi host1: ata_piix
[    7.680688] ata1: PATA max UDMA/33 cmd 0x1f0 ctl 0x3f6 bmdma 0xd000 irq 14
[    7.771872] ata2: PATA max UDMA/33 cmd 0x170 ctl 0x376 bmdma 0xd008 irq 15
[    7.847722] libphy: Fixed MDIO Bus: probed
[    7.914269] tun: Universal TUN/TAP device driver, 1.6
[    7.987823] tun: (C) 1999-2004 Max Krasnyansky <maxk@qualcomm.com>
[    8.133885] PPP generic driver version 2.4.2
[    8.213892] ehci_hcd: USB 2.0 'Enhanced' Host Controller (EHCI) Driver
[    8.303545] ehci-pci: EHCI PCI platform driver
[    8.345791] ehci-platform: EHCI generic platform driver
[    8.355399] ohci_hcd: USB 1.1 'Open' Host Controller (OHCI) Driver
[    8.418955] ohci-pci: OHCI PCI platform driver
[    8.442024] ohci-platform: OHCI generic platform driver
[    8.443274] uhci_hcd: USB Universal Host Controller Interface driver
[    8.445128] i8042: PNP: PS/2 Controller [PNP0303:PS2K,PNP0f03:PS2M] at 0x60,0x64 irq 1,12
[    8.448862] serio: i8042 KBD port at 0x60,0x64 irq 1
[    8.449961] serio: i8042 AUX port at 0x60,0x64 irq 12
[    8.451103] mousedev: PS/2 mouse device common for all mice
[    8.452389] input: AT Translated Set 2 keyboard as /devices/platform/i8042/serio0/input/input2
[    8.454474] rtc_cmos rtc_cmos: rtc core: registered rtc_cmos as rtc0
[    8.455923] rtc_cmos rtc_cmos: alarms up to one day, 114 bytes nvram
[    8.457278] i2c /dev entries driver
[    8.458254] device-mapper: uevent: version 1.0.3
[    8.459341] device-mapper: ioctl: 4.34.0-ioctl (2015-10-28) initialised: dm-devel@redhat.com
[    8.461082] ledtrig-cpu: registered to indicate activity on CPUs
[    8.462428] NET: Registered protocol family 10
[    8.466977] NET: Registered protocol family 17
[    8.467980] Key type dns_resolver registered
[    8.469064] registered taskstats version 1
[    8.469945] Loading compiled-in X.509 certificates
[    8.471450] Loaded X.509 cert 'Build time autogenerated kernel key: b89e9ea735e1dbde81c7786f041ecf1d53e71c2e'
[    8.473426] zswap: loaded using pool lzo/zbud
[    8.475858] Key type trusted registered
[    8.479030] Key type encrypted registered
[    8.521737] AppArmor: AppArmor sha1 policy hashing enabled
[    8.589422] ima: No TPM chip found, activating TPM-bypass!
[    8.674983] ima: Allocated hash algorithm: sha1
[    8.723029] evm: HMAC attrs: 0x1
[    8.754348]   Magic number: 8:55:341
[    8.808262] rtc_cmos rtc_cmos: setting system clock to 2020-10-26 17:19:29 UTC (1603732769)
[    8.897663] BIOS EDD facility v0.16 2004-Jun-25, 0 devices found
[    8.960920] EDD information not available.
[    9.058891] Freeing unused kernel memory: 1492K
[    9.129603] Write protecting the kernel read-only data: 14336k
[    9.222676] Freeing unused kernel memory: 1592K
[    9.295031] Freeing unused kernel memory: 56K
Loading, please [    9.381413] random: udevadm: uninitialized urandom read (16 bytes read, 5 bits of entropy available)
wait...
startin[    9.514267] random: systemd-udevd: uninitialized urandom read (16 bytes read, 7 bits of entropy available)
g version 229
[    9.524591] random: systemd-udevd: uninitialized urandom read (16 bytes read, 7 bits of entropy available)
[    9.526788] random: systemd-udevd: uninitialized urandom read (16 bytes read, 7 bits of entropy available)
[    9.528899] random: systemd-udevd: uninitialized urandom read (16 bytes read, 7 bits of entropy available)
[    9.531874] random: udevadm: uninitialized urandom read (16 bytes read, 7 bits of entropy available)
[    9.537980] random: systemd-udevd: uninitialized urandom read (16 bytes read, 7 bits of entropy available)
[    9.540067] random: systemd-udevd: uninitialized urandom read (16 bytes read, 7 bits of entropy available)
[    9.548049] random: udevadm: uninitialized urandom read (16 bytes read, 7 bits of entropy available)
[    9.550095] random: udevadm: uninitialized urandom read (16 bytes read, 7 bits of entropy available)
[    9.625317] e1000: Intel(R) PRO/1000 Network Driver - version 7.3.21-k8-NAPI
[    9.737661] e1000: Copyright (c) 1999-2006 Intel Corporation.
[    9.808706] Fusion MPT base driver 3.04.20
[    9.857382] Copyright (c) 1999-2008 LSI Corporation
[    9.957085] AVX2 version of gcm_enc/dec engaged.
[   10.033645] AES CTR mode by8 optimization enabled
[   10.138423] Fusion MPT SPI Host driver 3.04.20
[   10.243756] input: ImExPS/2 Generic Explorer Mouse as /devices/platform/i8042/serio1/input/input4
[   10.732552] e1000 0000:00:03.0 eth0: (PCI:33MHz:32-bit) 02:9b:bc:73:96:26
[   10.836238] e1000 0000:00:03.0 eth0: Intel(R) PRO/1000 Network Connection
[   10.917690] mptbase: ioc0: Initiating bringup
[   11.023269] ioc0: LSI53C1030 A0: Capabilities={Initiator}
[   11.297269] scsi host2: ioc0: LSI53C1030 A0, FwRev=00000000h, Ports=1, MaxQ=256, IRQ=20
[   11.540665] scsi 2:0:0:0: Direct-Access     VBOX     HARDDISK         1.0  PQ: 0 ANSI: 5
[   11.659618] scsi target2:0:0: Beginning Domain Validation
[   11.743800] scsi target2:0:0: Domain Validation skipping write tests
[   11.864098] scsi target2:0:0: Ending Domain Validation
[   12.123025] scsi target2:0:0: asynchronous
[   12.138265] scsi 2:0:1:0: Direct-Access     VBOX     HARDDISK         1.0  PQ: 0 ANSI: 5
[   12.140080] scsi target2:0:1: Beginning Domain Validation
[   12.183398] scsi target2:0:1: Domain Validation skipping write tests
[   12.254040] scsi target2:0:1: Ending Domain Validation
[   12.316400] scsi target2:0:1: asynchronous
[   12.393016] e1000 0000:00:08.0 eth1: (PCI:33MHz:32-bit) 08:00:27:79:54:77
[   12.470450] e1000 0000:00:08.0 eth1: Intel(R) PRO/1000 Network Connection
[   12.601664] sd 2:0:0:0: Attached scsi generic sg0 type 0
[   12.664066] sd 2:0:0:0: [sda] 31457280 512-byte logical blocks: (16.1 GB/15.0 GiB)
[   12.673212] sd 2:0:0:0: [sda] Write Protect is off
[   12.674398] sd 2:0:0:0: [sda] Incomplete mode parameter data
[   12.675538] sd 2:0:0:0: [sda] Assuming drive cache: write through
[   12.677537] sd 2:0:1:0: [sdb] 20480 512-byte logical blocks: (10.5 MB/10.0 MiB)
[   12.759988] sd 2:0:1:0: Attached scsi generic sg1 type 0
[   12.765975]  sda: sda1
[   12.771682] sd 2:0:0:0: [sda] Attached SCSI disk
[   12.858815] sd 2:0:1:0: [sdb] Write Protect is off
[   13.024283] sd 2:0:1:0: [sdb] Incomplete mode parameter data
[   13.078972] sd 2:0:1:0: [sdb] Assuming drive cache: write through
[   13.293466] sd 2:0:1:0: [sdb] Attached SCSI disk
[   13.388834] e1000 0000:00:09.0 eth2: (PCI:33MHz:32-bit) 08:00:27:ec:1d:fc
[   13.470172] e1000 0000:00:09.0 eth2: Intel(R) PRO/1000 Network Connection
[   13.566576] e1000 0000:00:09.0 enp0s9: renamed from eth2
[   13.647994] e1000 0000:00:08.0 enp0s8: renamed from eth1
[   13.725214] e1000 0000:00:03.0 enp0s3: renamed from eth0
Begin: Loading e[   15.047456] md: linear personality registered for level -1
ssential drivers[   15.150001] md: multipath personality registered for level -4
 ... [   15.293537] md: raid0 personality registered for level 0
[   15.397155] md: raid1 personality registered for level 1
[   15.554875] raid6: sse2x1   gen() 13045 MB/s
[   15.727027] raid6: sse2x1   xor()  9814 MB/s
[   15.827624] raid6: sse2x2   gen() 16283 MB/s
[   15.951012] raid6: sse2x2   xor() 11336 MB/s
[   16.062821] raid6: sse2x4   gen() 17954 MB/s
[   16.195191] raid6: sse2x4   xor() 12590 MB/s
[   16.311107] raid6: avx2x1   gen() 23133 MB/s
[   16.450712] raid6: avx2x2   gen() 29615 MB/s
[   16.592497] raid6: avx2x4   gen() 33227 MB/s
[   16.633862] raid6: using algorithm avx2x4 gen() 33227 MB/s
[   16.635067] raid6: using avx2x2 recovery algorithm
[   16.637916] xor: automatically using best checksumming function:
[   16.698750]    avx       : 22966.000 MB/sec
[   16.752635] async_tx: api initialized (async)
[   16.792091] md: raid6 personality registered for level 6
[   16.863104] md: raid5 personality registered for level 5
[   16.902758] md: raid4 personality registered for level 4
[   16.985569] md: raid10 personality registered for level 10
done.
Begin: Running /scripts/init-premount ... done.
Begin: Mounting root file system ... Begin: Running /scripts/local-top ... done.
Begin: Running /scripts/local-premount ... [   17.107915] Btrfs loaded
Scanning for Btrfs filesystems
done.
Warning: fsck no[   17.136926] EXT4-fs (sda1): mounted filesystem with ordered data mode. Opts: (null)
t present, so skipping root file system
done.
Begin: Running /scripts/local-bottom ... done.
Begin: Running /scripts/init-bottom ... done.
[   17.376380] systemd[1]: systemd 229 running in system mode. (+PAM +AUDIT +SELINUX +IMA +APPARMOR +SMACK +SYSVINIT +UTMP +LIBCRYPTSETUP +GCRYPT +GNUTLS +ACL +XZ -LZ4 +SECCOMP +BLKID +ELFUTILS +KMOD -IDN)
[   17.495436] systemd[1]: Detected virtualization oracle.
[   17.525515] systemd[1]: Detected architecture x86-64.

Welcome to [1mUbuntu 16.04.6 LTS[0m!

[   17.532581] systemd[1]: Set hostname to <localhost>.
[   17.609430] random: nonblocking pool is initialized
[   17.688075] systemd[1]: Configuration file /etc/systemd/system/mailhog.service is marked executable. Please remove executable permission bits. Proceeding anyway.
[   17.757905] systemd[1]: [/etc/systemd/system/kibana.service:3] Unknown lvalue 'StartLimitIntervalSec' in section 'Unit'
[   17.927226] systemd[1]: Listening on Device-mapper event daemon FIFOs.
[[0;32m  OK  [0m] Listening on Device-mapper event daemon FIFOs.
[   18.063276] systemd[1]: Reached target Encrypted Volumes.
[[0;32m  OK  [0m] Reached target Encrypted Volumes.
[   18.119011] systemd[1]: Listening on udev Kernel Socket.
[[0;32m  OK  [0m] Listening on udev Kernel Socket.
[   18.157758] systemd[1]: Listening on udev Control Socket.
[[0;32m  OK  [0m] Listening on udev Control Socket.
[   18.162566] systemd[1]: Started Trigger resolvconf update for networkd DNS.
[[0;32m  OK  [0m] Started Trigger resolvconf update for networkd DNS.
[   18.167312] systemd[1]: Listening on Journal Audit Socket.
[[0;32m  OK  [0m] Listening on Journal Audit Socket.
[   18.170609] systemd[1]: Set up automount Arbitrary Executable File Formats File System Automount Point.
[[0;32m  OK  [0m] Set up automount Arbitrary Executab...ats File System Automount Point.
[   18.175697] systemd[1]: Listening on LVM2 metadata daemon socket.
[[0;32m  OK  [0m] Listening on LVM2 metadata daemon socket.
[   18.179268] systemd[1]: Started Forward Password Requests to Wall Directory Watch.
[[0;32m  OK  [0m] Started Forward Password Requests to Wall Directory Watch.
[   18.188154] systemd[1]: Created slice System Slice.
[[0;32m  OK  [0m] Created slice System Slice.
[   18.191049] systemd[1]: Created slice system-serial\x2dgetty.slice.
[[0;32m  OK  [0m] Created slice system-serial\x2dgetty.slice.
[   18.194429] systemd[1]: Reached target User and Group Name Lookups.
[[0;32m  OK  [0m] Reached target User and Group Name Lookups.
[   18.197617] systemd[1]: Listening on Syslog Socket.
[[0;32m  OK  [0m] Listening on Syslog Socket.
[   18.220038] systemd[1]: Created slice system-postgresql.slice.
[[0;32m  OK  [0m] Created slice system-postgresql.slice.
[   18.327554] systemd[1]: Created slice User and Session Slice.
[[0;32m  OK  [0m] Created slice User and Session Slice.
[   18.467240] systemd[1]: Listening on Journal Socket.
[[0;32m  OK  [0m] Listening on Journal Socket.
[   18.580768] systemd[1]: Starting Nameserver information manager...
         Starting Nameserver information manager...
[   18.707967] systemd[1]: Mounting Huge Pages File System...
         Mounting Huge Pages File System...
[   18.819992] systemd[1]: Mounting RPC Pipe File System...
         Mounting RPC Pip[   18.911584] RPC: Registered named UNIX socket transport module.
e File System...[   19.045633] RPC: Registered udp transport module.

[   19.063036] RPC: Registered tcp transport module.
[   19.161470] RPC: Registered tcp NFSv4.1 backchannel transport module.
[   19.247696] systemd[1]: Starting Remount Root and Kernel File Systems...
         Starting Remount Root and Kernel File Systems...
[   19.251832] systemd[1]: Starting Uncomplicated firewall...
[   19.254678] EXT4-fs (sda1): re-mounted. Opts: (null)
         Starting Uncomplicated firewall...
[   19.261136] systemd[1]: Starting Load Kernel Modules...
         Starting Load Kernel Modules...
[   19.265903] systemd[1]: Starting Monitoring of LVM2 mirrors, snapshots etc. using dmeventd or progress polling...
         Starting Monitoring of LVM2 mirrors... dmeventd or progress polling...
[   19.277638] Loading iSCSI transport class v2.0-870.
[   19.279434] systemd[1]: Starting Create list of required static device nodes for the current kernel...
         [   19.326530] iscsi: registered transport (tcp)
Starting Create list of required st... nodes for the current ker[   19.433262] iscsi: registered transport (iser)
nel...
[   19.503664] systemd[1]: Mounting Debug File System...
         Mounting Debug File System...
[   19.607535] systemd[1]: Listening on /dev/initctl Compatibility Named Pipe.
[[0;32m  OK  [0m] Listening on /dev/initctl Compatibility Named Pipe.
[   19.759722] systemd[1]: Reached target Swap.
[[0;32m  OK  [0m] Reached target Swap.
[   19.839092] systemd[1]: Listening on Journal Socket (/dev/log).
[[0;32m  OK  [0m] Listening on Journal Socket (/dev/log).
[   19.959790] systemd[1]: Starting Journal Service...
         Starting Journal Service...
[   20.059061] systemd[1]: Reached target Slices.
[[0;32m  OK  [0m] Reached target Slices.
[   20.091974] systemd[1]: Starting Set console keymap...
         Starting Set console keymap...
[   20.188047] systemd[1]: Mounting POSIX Message Queue File System...
         Mounting POSIX Message Queue File System...
[   20.192268] systemd[1]: Listening on LVM2 poll daemon socket.
[[0;32m  OK  [0m] Listening on LVM2 poll daemon socket.
[   20.324758] systemd[1]: Mounted RPC Pipe File System.
[[0;32m  OK  [0m] Mounted RPC Pipe File System.
[   20.328239] systemd[1]: Mounted POSIX Message Queue File System.
[[0;32m  OK  [0m] Mounted POSIX Message Queue File System.
[   20.332371] systemd[1]: Mounted Debug File System.
[[0;32m  OK  [0m] Mounted Debug File System.
[   20.335524] systemd[1]: Mounted Huge Pages File System.
[[0;32m  OK  [0m] Mounted Huge Pages File System.
[   20.338759] systemd[1]: Started Journal Service.
[[0;32m  OK  [0m] Started Journal Service.
[[0;32m  OK  [0m] Started Remount Root and Kernel File Systems.
[[0;32m  OK  [0m] Started Uncomplicated firewall.
[[0;32m  OK  [0m] Started Load Kernel Modules.
[[0;32m  OK  [0m] Started Create list of required sta...ce nodes for the current kernel.
[[0;32m  OK  [0m] Started Set console keymap.
[[0;32m  OK  [0m] Started Nameserver information manager.
[[0;32m  OK  [0m] Started LVM2 metadata daemon.
         Starting Create Static Device Nodes in /dev...
         Starting Apply Kernel Variables...
         Mounting FUSE Control File System...
         Starting Load/Save Random Seed...
         Starting udev Coldplug all Devices...
         Starting Flush Journal to Persistent Storage...
[[0;32m  OK  [0m] Mounted FUSE Control File System.
[[0;32m  OK  [0m] Started Create Static Device Nodes in /dev.
[[0;32m  OK  [0m] Started Apply Kernel Variables.
[[0;32m  OK  [0m] Started Load/Save Random Seed.
         Starting udev Kernel Device Manager...
[[0;32m  OK  [0m] Started Flush Journal to Persistent Storage.
[[0;32m  OK  [0m] Started udev Kernel Device Manager.
[[0;32m  OK  [0m] Started udev Coldplug all Devices.
[[0;32m  OK  [0m] Started Monitoring of LVM2 mirrors,...ng dmeventd or progress polling.
[[0;32m  OK  [0m] Reached target Local File Systems (Pre).
[[0;32m  OK  [0m] Reached target Local File Systems.
         Starting Set console font and keymap...
         Starting Initial cloud-init job (pre-networking)...
         Starting Tell Plymouth To Write Out Runtime Data...
         Starting Create Volatile Files and Directories...
         Starting LSB: AppArmor initialization...
         Starting Preprocess NFS configuration...
[[0;32m  OK  [0m] Started Dispatch Password Requests to Console Directory Watch.
[[0;32m  OK  [0m] Started Tell Plymouth To Write Out Runtime Data.
[[0;32m  OK  [0m] Started Set console font and keymap.
[[0;32m  OK  [0m] Started Create Volatile Files and Directories.
[[0;32m  OK  [0m] Started Preprocess NFS configuration.
[[0;32m  OK  [0m] Found device /dev/ttyS0.
[[0;32m  OK  [0m] Listening on Load/Save RF Kill Switch Status /dev/rfkill Watch.
[[0;32m  OK  [0m] Reached target NFS client services.
         Starting Update UTMP about System Boot/Shutdown...
[[0;32m  OK  [0m] Created slice system-getty.slice.
[[0;32m  OK  [0m] Started Update UTMP about System Boot/Shutdown.
[[0;32m  OK  [0m] Found device 82540EM Gigabit Ethern...r (PRO/1000 MT Desktop Adapter).
[[0;32m  OK  [0m] Found device 82540EM Gigabit Ethern...r (PRO/1000 MT Desktop Adapter).
[[0;32m  OK  [0m] Found device 82540EM Gigabit Ethern...r (PRO/1000 MT Desktop Adapter).
[[0;32m  OK  [0m] Started LSB: AppArmor initialization.
         Starting Load AppArmor profiles managed internally by snapd...
[[0;32m  OK  [0m] Started Load AppArmor profiles managed internally by snapd.
[   16.392194] cloud-init[567]: Cloud-init v. 19.4-33-gbb4131a2-0ubuntu1~16.04.1 running 'init-local' at Mon, 26 Oct 2020 17:19:42 +0000. Up 16.18 seconds.
[[0;32m  OK  [0m] Started Initial cloud-init job (pre-networking).
[[0;32m  OK  [0m] Reached target Network (Pre).
         Starting Raise network interfaces...
[[0;32m  OK  [0m] Started ifup for enp0s9.
[[0;32m  OK  [0m] Started ifup for enp0s3.
[[0;32m  OK  [0m] Started ifup for enp0s8.
[[0;32m  OK  [0m] Started Raise network interfaces.
[[0;32m  OK  [0m] Reached target Network.
         Starting Initial cloud-init job (metadata service crawler)...
[   17.354220] cloud-init[1226]: Cloud-init v. 19.4-33-gbb4131a2-0ubuntu1~16.04.1 running 'init' at Mon, 26 Oct 2020 17:19:43 +0000. Up 17.11 seconds.
[   17.436782] cloud-init[1226]: ci-info: ++++++++++++++++++++++++++++++++++++++Net device info+++++++++++++++++++++++++++++++++++++++
[[0;32m  OK  [0m] Started Initial cloud-init job (metadata service crawler).[   17.472553] cloud-init[1226]: ci-info: +--------+------+-----------------------------+---------------+--------+-------------------+
[   17.472649] cloud-init[1226]: ci-info: | Device |  Up  |           Address           |      Mask     | Scope  |     Hw-Address    |
[   17.472734] cloud-init[1226]: ci-info: +--------+------+-----------------------------+---------------+--------+-------------------+
[   17.472816] cloud-init[1226]: ci-info: | enp0s3 | True |          10.0.2.15          | 255.255.255.0 | global | 02:9b:bc:73:96:26 |
[   17.472899] cloud-init[1226]: ci-info: | enp0s3 | True |  fe80::9b:bcff:fe73:9626/64 |       .       |  link  | 02:9b:bc:73:96:26 |
[   17.472980] cloud-init[1226]: ci-info: | enp0s8 | True |        192.168.56.100       | 255.255.255.0 | global | 08:00:27:79:54:77 |
[   17.473068] cloud-init[1226]: ci-info: | enp0s8 | True | fe80::a00:27ff:fe79:5477/64 |       .       |  link  | 08:00:27:79:54:77 |
[   17.473150] cloud-init[1226]: ci-info: | enp0s9 | True |        192.168.56.100       | 255.255.255.0 | global | 08:00:27:ec:1d:fc |
[   17.473230] cloud-init[1226]: ci-info: | enp0s9 | True | fe80::a00:27ff:feec:1dfc/64 |       .       |  link  | 08:00:27:ec:1d:fc |
[   17.473311] cloud-init[1226]: ci-info: |   lo   | True |          127.0.0.1          |   255.0.0.0   |  host  |         .         |
[   17.473392] cloud-init[1226]: ci-info: |   lo   | True |           ::1/128           |       .       |  host  |         .         |
[   17.473473] cloud-init[1226]: ci-info: +--------+------+-----------------------------+---------------+--------+-------------------+
[   17.473553] cloud-init[1226]: ci-info: ++++++++++++++++++++++++++++Route IPv4 info++++++++++++++++++++++++++++
[   17.473637] cloud-init[1226]: ci-info: +-------+--------------+----------+---------------+-----------+-------+
[   17.473718] cloud-init[1226]: ci-info: | Route | Destination  | Gateway  |    Genmask    | Interface | Flags |
[   17.474859] cloud-init[1226]: ci-info: +-------+--------------+----------+---------------+-----------+-------+
[   17.474948] cloud-init[1226]: ci-info: |   0   |   0.0.0.0    | 10.0.2.2 |    0.0.0.0    |   enp0s3  |   UG  |
[   17.475053] cloud-init[1226]: ci-info: |   1   |   10.0.2.0   | 0.0.0.0  | 255.255.255.0 |   enp0s3  |   U   |
[   17.475136] cloud-init[1226]: ci-info: |   2   | 192.168.56.0 | 0.0.0.0  | 255.255.255.0 |   enp0s9  |   U   |
[   17.475231] cloud-init[1226]: ci-info: |   3   | 192.168.56.0 | 0.0.0.0  | 255.255.255.0 |   enp0s8  |   U   |
[   17.475311] cloud-init[1226]: ci-info: +-------+--------------+----------+---------------+-----------+-------+
[   17.475393] cloud-init[1226]: ci-info: +++++++++++++++++++Route IPv6 info+++++++++++++++++++
[   17.475473] cloud-init[1226]: ci-info: +-------+-------------+---------+-----------+-------+
[   17.475552] cloud-init[1226]: ci-info: | Route | Destination | Gateway | Interface | Flags |
[   17.475646] cloud-init[1226]: ci-info: +-------+-------------+---------+-----------+-------+
[   17.475732] cloud-init[1226]: ci-info: |   0   |  fe80::/64  |    ::   |   enp0s9  |   U   |
[   17.475815] cloud-init[1226]: ci-info: |   1   |  fe80::/64  |    ::   |   enp0s3  |   U   |
[   17.475896] cloud-init[1226]: ci-info: |   2   |  fe80::/64  |    ::   |   enp0s8  |   U   |
[   17.475979] cloud-init[1226]: ci-info: |   5   |   ff00::/8  |    ::   |   enp0s9  |   U   |

[   17.476531] cloud-init[1226]: ci-info: |   6   |   ff00::/8  |    ::   |   enp0s3  |   U   |[[0;32m  OK  [0m] Reached target Cloud-config availability.
[[0;32m  OK  [0m] Reached target Network is Online.

[   18.032612] cloud-init[1226]: ci-info: |   7   |   ff00::/8  |    ::   |   enp0s8  |   U   |
         Starting iSCSI initiator daemon (iscsid)...[   18.036615] cloud-init[1226]: ci-info: +-------+-------------+---------+-----------+-------+

[[0;32m  OK  [0m] Reached target System Initialization.
[[0;32m  OK  [0m] Started Daily Cleanup of Temporary Directories.
[[0;32m  OK  [0m] Started Message of the Day.
         Starting LXD - unix socket.
[[0;32m  OK  [0m] Listening on D-Bus System Message Bus Socket.
[[0;32m  OK  [0m] Started ACPI Events Check.
[[0;32m  OK  [0m] Reached target Paths.
[[0;32m  OK  [0m] Listening on ACPID Listen Socket.
         Starting Socket activation for snappy daemon.
[[0;32m  OK  [0m] Listening on UUID daemon activation socket.
[[0;32m  OK  [0m] Started Daily apt download activities.
[[0;32m  OK  [0m] Started Daily apt upgrade and clean activities.
[[0;32m  OK  [0m] Reached target Timers.
         Starting Docker Socket for the API.
[[0;32m  OK  [0m] Listening on RPCbind Server Activation Socket.
[[0;32m  OK  [0m] Listening on LXD - unix socket.
[[0;32m  OK  [0m] Listening on Socket activation for snappy daemon.
[[0;32m  OK  [0m] Listening on Docker Socket for the API.
[[0;32m  OK  [0m] Started iSCSI initiator daemon (iscsid).
         Starting Login to default iSCSI targets...
[[0;32m  OK  [0m] Reached target Sockets.
[[0;32m  OK  [0m] Reached target Basic System.
[[0;32m  OK  [0m] Started Elasticsearch.
[[0;32m  OK  [0m] Started Supervisor process control system for UNIX.
         Starting LSB: Record successful boot for GRUB...
         Starting LSB: MD monitoring daemon...
         Starting PostgreSQL Cluster 9.5-main...
         Starting vboxadd.service...
         Starting Accounts Service...
[[0;32m  OK  [0m] Started Kibana.
[[0;32m  OK  [0m] Started D-Bus System Message Bus.
         Starting /etc/rc.local Compatibility...
         Starting RabbitMQ broker...
[[0;32m  OK  [0m] Started ACPI event daemon.
         Starting LXD - container startup/shutdown...
         Starting MySQL Community Server...
         Starting System Logging Service...
         Starting Advanced key-value store...
[[0;32m  OK  [0m] Started Regular background program processing daemon.
         Starting Snap Daemon...
[[0;32m  OK  [0m] Started FUSE filesystem for LXC.
[[0;32m  OK  [0m] Started MailHog Email Catcher.
[[0;32m  OK  [0m] Started containerd container runtime.
         Starting Docker Application Container Engine...
         Starting Login Service...
         Starting OpenBSD Secure Shell server...
[[0;32m  OK  [0m] Started Deferred execution scheduler.
[[0;32m  OK  [0m] Started System Logging Service.
[[0;32m  OK  [0m] Started /etc/rc.local Compatibility.
[[0;32m  OK  [0m] Started Login Service.
[[0;32m  OK  [0m] Started Unattended Upgrades Shutdown.
[[0;32m  OK  [0m] Started Login to default iSCSI targets.
         Starting Authenticate and Authorize Users to Run Privileged Tasks...
[[0;32m  OK  [0m] Reached target Remote File Systems (Pre).
[[0;32m  OK  [0m] Reached target Remote File Systems.
         Starting LSB: Monitor for system resources and process activity...
         Starting LSB: automatic crash report generation...
         Starting Permit User Sessions...
         Starting LSB: Start NTP daemon...
         Starting LSB: Start/stop sysstat's sadc...
         Starting LSB: Set the CPU Frequency Scaling governor to "ondemand"...
         Starting LSB: daemon to balance interrupts for SMP systems...
         Starting LSB: Apache2 web server...
         Starting LSB: Set up cgroupfs mounts....
[[0;32m  OK  [0m] Started LSB: Record successful boot for GRUB.
[[0;32m  OK  [0m] Started LSB: MD monitoring daemon.
[[0;32m  OK  [0m] Started Permit User Sessions.
[[0;32m  OK  [0m] Started LSB: Set up cgroupfs mounts..
[[0;32m  OK  [0m] Started OpenBSD Secure Shell server.
         Starting Terminate Plymouth Boot Screen...
         Starting Hold until boot process finishes up...
[[0;32m  OK  [0m] Started LSB: Monitor for system resources and process activity.
[[0;32m  OK  [0m] Started LSB: Start/stop sysstat's sadc.
[[0;32m  OK  [0m] Started LSB: automatic crash report generation.
[[0;32m  OK  [0m] Started LSB: Set the CPU Frequency Scaling governor to "ondemand".
[[0;32m  OK  [0m] Started Terminate Plymouth Boot Screen.
[[0;32m  OK  [0m] Started LXD - container startup/shutdown.
[[0;32m  OK  [0m] Started Hold until boot process finishes up.
[[0;32m  OK  [0m] Started LSB: Start NTP daemon.
[[0;32m  OK  [0m] Started Authenticate and Authorize Users to Run Privileged Tasks.
[[0;32m  OK  [0m] Started Accounts Service.
[[0;32m  OK  [0m] Started Serial Getty on ttyS0.
         Starting Set console scheme...
[[0;32m  OK  [0m] Started Getty on tty1.
[[0;32m  OK  [0m] Reached target Login Prompts.
[[0;32m  OK  [0m] Started LSB: daemon to balance interrupts for SMP systems.
[[0;32m  OK  [0m] Started Advanced key-value store.
[[0;32m  OK  [0m] Started Set console scheme.
[[0;32m  OK  [0m] Started Snap Daemon.
         Starting Wait until snapd is fully seeded...
[[0;32m  OK  [0m] Started Wait until snapd is fully seeded.
         Starting Apply the settings specified in cloud-config...
[[0;32m  OK  [0m] Created slice User Slice of vagrant.
         Starting User Manager for UID 1000...
[[0;32m  OK  [0m] Started Session 1 of user vagrant.
[[0;32m  OK  [0m] Started User Manager for UID 1000.
[[0;32m  OK  [0m] Started LSB: Apache2 web server.
[[0;32m  OK  [0m] Started PostgreSQL Cluster 9.5-main.
         Starting PostgreSQL RDBMS...
[[0;32m  OK  [0m] Started PostgreSQL RDBMS.
[[0;32m  OK  [0m] Started Docker Application Container Engine.
[[0;32m  OK  [0m] Started MySQL Community Server.
[   23.926051] cloud-init[1743]: Cloud-init v. 19.4-33-gbb4131a2-0ubuntu1~16.04.1 running 'modules:config' at Mon, 26 Oct 2020 17:19:49 +0000. Up 23.19 seconds.
[[0;32m  OK  [0m] Started Apply the settings specified in cloud-config.
[[0;32m  OK  [0m] Started vboxadd.service.
         Starting vboxadd-service.service...
[[0;32m  OK  [0m] Started vboxadd-service.service.
         Starting Hostname Service...
[[0;32m  OK  [0m] Started Hostname Service.

Ubuntu 16.04.6 LTS localhost ttyS0

localhost login: [   34.508457] cloud-init[3346]: Cloud-init v. 19.4-33-gbb4131a2-0ubuntu1~16.04.1 running 'modules:final' at Mon, 26 Oct 2020 17:20:00 +0000. Up 34.24 seconds.
[   34.516193] cloud-init[3346]: Cloud-init v. 19.4-33-gbb4131a2-0ubuntu1~16.04.1 finished at Mon, 26 Oct 2020 17:20:00 +0000. Datasource DataSourceNoCloud [seed=/dev/sdb][dsmode=net].  Up 34.49 seconds
[[0;32m  OK  [0m] Closed Load/Save RF Kill Switch Status /dev/rfkill Watch.
         Stopping Daemon for generating UUIDs...
[[0;32m  OK  [0m] Stopped target RPC Port Mapper.
         Stopping User Manager for UID 1000...
         Stopping Authenticate and Authorize Users to Run Privileged Tasks...
[[0;32m  OK  [0m] Stopped target Timers.
[[0;32m  OK  [0m] Stopped Clean PHP session files every 30 mins.
[[0;32m  OK  [0m] Stopped Message of the Day.
         Stopping ACPI event daemon...
         Stopping NFS status monitor for NFSv2/3 locking....
         Stopping Session 82 of user vagrant.
[[0;32m  OK  [0m] Stopped target Graphical Interface.
         Stopping Accounts Service...
[[0;32m  OK  [0m] Stopped Daily apt upgrade and clean activities.
[[0;32m  OK  [0m] Stopped Daily apt download activities.
[[0;32m  OK  [0m] Stopped Daily Cleanup of Temporary Directories.
         Unmounting RPC Pipe File System...
[[0;32m  OK  [0m] Stopped target Cloud-init target.
[[0;32m  OK  [0m] Stopped Execute cloud user/final scripts.
[[0;32m  OK  [0m] Stopped Apply the settings specified in cloud-config.
[[0;32m  OK  [0m] Stopped target Cloud-config availability.
[[0;32m  OK  [0m] Stopped target Multi-User System.
         Stopping LSB: automatic crash report generation...
         Stopping LSB: Start NTP daemon...
         Stopping LSB: daemon to balance interrupts for SMP systems...
         Stopping OpenBSD Secure Shell server...
         Stopping MailHog Email Catcher...
         Stopping Unattended Upgrades Shutdown...
         Stopping RabbitMQ broker...
         Stopping LSB: Set up cgroupfs mounts....
         Stopping LSB: Set the CPU Frequency Scaling governor to "ondemand"...
[[0;32m  OK  [0m] Stopped target Login Prompts.
         Stopping Serial Getty on ttyS0...
                  Stopping D-Bus System Message Bus...
         Stopping LSB: Record successful boot for GRUB...
         Stopping Advanced key-value store...
         Stopping Regular background program processing daemon...
         Stopping Kibana...
[[0;32m  OK  [0m] Stopped PostgreSQL RDBMS.
         Stopping PostgreSQL Cluster 9.5-main...
         Stopping LSB: Apache2 web server...
[[0;32m  OK  [0m] Stopped Wait until snapd is fully seeded.
         Stopping FUSE filesystem for LXC...
         Stopping Getty on tty1...
[[0;32m  OK  [0m] Unmounted /var/lib/lxcfs.
[[0;32m  OK  [0m] Stopped Accounts Service.
[[0;32m  OK  [0m] Stopped Kibana.
[[0;32m  OK  [0m] Stopped ACPI event daemon.
[[0;32m  OK  [0m] Stopped System Logging Service.
[[0;32m  OK  [0m] Stopped Regular background program processing daemon.
[[0;32m  OK  [0m] Stopped MailHog Email Catcher.
[[0;32m  OK  [0m] Stopped Docker Application Container Engine.
[[0;32m  OK  [0m] Stopped Deferred execution scheduler.
[[0;32m  OK  [0m] Stopped Unattended Upgrades Shutdown.
[[0;32m  OK  [0m] Stopped Authenticate and Authorize Users to Run Privileged Tasks.
[[0;32m  OK  [0m] Stopped OpenBSD Secure Shell server.
[[0;32m  OK  [0m] Stopped Serial Getty on ttyS0.
[[0;32m  OK  [0m] Stopped Getty on tty1.
[[0;32m  OK  [0m] Stopped NFS status monitor for NFSv2/3 locking..
[[0;32m  OK  [0m] Stopped Daemon for generating UUIDs.
[[0;32m  OK  [0m] Stopped User Manager for UID 1000.
[[0;32m  OK  [0m] Unmounted RPC Pipe File System.
[[0;32m  OK  [0m] Stopped Session 82 of user vagrant.
[[0;32m  OK  [0m] Stopped LSB: Set up cgroupfs mounts..
[[0;32m  OK  [0m] Stopped Supervisor process control system for UNIX.
[[0;32m  OK  [0m] Stopped vboxadd-service.service.
[[0;32m  OK  [0m] Stopped D-Bus System Message Bus.
[[0;32m  OK  [0m] Stopped FUSE filesystem for LXC.
[[0;32m  OK  [0m] Stopped LXD - container startup/shutdown.
[[0;32m  OK  [0m] Stopped LSB: MD monitoring daemon.
         Stopping vboxadd.service...
[[0;32m  OK  [0m] Removed slice User Slice of vagrant.
[[0;32m  OK  [0m] Removed slice system-getty.slice.
[[0;32m  OK  [0m] Removed slice system-serial\x2dgetty.slice.
[[0;32m  OK  [0m] Stopped /etc/rc.local Compatibility.
         Stopping Permit User Sessions...
         Stopping Login Service...
         Stopping containerd container runtime...
[[0;32m  OK  [0m] Stopped Login Service.
[[0;32m  OK  [0m] Stopped containerd container runtime.
[[0;32m  OK  [0m] Stopped LSB: automatic crash report generation.
[[0;32m  OK  [0m] Stopped LSB: Start NTP daemon.
[[0;32m  OK  [0m] Stopped LSB: daemon to balance interrupts for SMP systems.
[[0;32m  OK  [0m] Stopped LSB: Set the CPU Frequency Scaling governor to "ondemand".
[[0;32m  OK  [0m] Stopped LSB: Start/stop sysstat's sadc.
[[0;32m  OK  [0m] Stopped LSB: Monitor for system resources and process activity.
[[0;32m  OK  [0m] Stopped LSB: Record successful boot for GRUB.
[[0;32m  OK  [0m] Stopped PostgreSQL Cluster 9.5-main.
[[0;32m  OK  [0m] Stopped Advanced key-value store.
[[0;32m  OK  [0m] Stopped Permit User Sessions.
[[0;32m  OK  [0m] Removed slice system-postgresql.slice.
[[0;32m  OK  [0m] Stopped target User and Group Name Lookups.
[[0;32m  OK  [0m] Stopped MySQL Community Server.
[[0;32m  OK  [0m] Unmounted /vagrant.
[[0;32m  OK  [0m] Stopped vboxadd.service.
[[0;32m  OK  [0m] Stopped RabbitMQ broker.
[[0;32m  OK  [0m] Stopped LSB: Apache2 web server.
[[0;32m  OK  [0m] Stopped target Basic System.
[[0;32m  OK  [0m] Stopped target Paths.
[[0;32m  OK  [0m] Stopped Dispatch Password Requests to Console Directory Watch.
[[0;32m  OK  [0m] Stopped Forward Password Requests to Wall Directory Watch.
[[0;32m  OK  [0m] Stopped ACPI Events Check.
[[0;32m  OK  [0m] Stopped target Slices.
[[0;32m  OK  [0m] Removed slice User and Session Slice.
[[0;32m  OK  [0m] Stopped target Sockets.
[[0;32m  OK  [0m] Closed D-Bus System Message Bus Socket.
[[0;32m  OK  [0m] Closed Docker Socket for the API.
[[0;32m  OK  [0m] Closed Syslog Socket.
[[0;32m  OK  [0m] Closed LXD - unix socket.
[[0;32m  OK  [0m] Closed Socket activation for snappy daemon.
[[0;32m  OK  [0m] Closed ACPID Listen Socket.
[[0;32m  OK  [0m] Closed UUID daemon activation socket.
[[0;32m  OK  [0m] Stopped target Remote File Systems.
         Unmounting /var/www...
[[0;32m  OK  [0m] Stopped target Host and Network Name Lookups.
[[0;32m  OK  [0m] Unmounted /var/www.
[[0;32m  OK  [0m] Stopped target Remote File Systems (Pre).
[[0;32m  OK  [0m] Stopped target NFS client services.
         Stopping RPC bind portmap service...
         Stopping Login to default iSCSI targets...
[[0;32m  OK  [0m] Stopped RPC bind portmap service.
[[0;32m  OK  [0m] Closed RPCbind Server Activation Socket.
[[0;32m  OK  [0m] Stopped target System Initialization.
[[0;32m  OK  [0m] Stopped target Swap.
         Stopping Load/Save Random Seed...
[[0;32m  OK  [0m] Stopped Create Volatile Files and Directories.
[[0;32m  OK  [0m] Stopped target Encrypted Volumes.
[[0;32m  OK  [0m] Stopped Load/Save Random Seed.
[[0;32m  OK  [0m] Stopped Login to default iSCSI targets.
         Stopping iSCSI initiator daemon (iscsid)...
[[0;32m  OK  [0m] Stopped iSCSI initiator daemon (iscsid).
[[0;32m  OK  [0m] Stopped target Network is Online.
[[0;32m  OK  [0m] Stopped Initial cloud-init job (metadata service crawler).
[[0;32m  OK  [0m] Stopped target Network.
         Stopping Raise network interfaces...
[[0;32m  OK  [0m] Stopped Raise network interfaces.
[[0;32m  OK  [0m] Stopped Apply Kernel Variables.
[[0;32m  OK  [0m] Stopped Load Kernel Modules.
[[0;32m  OK  [0m] Stopped target Local File Systems.
         Unmounting /run/user/1000...
[[0;32m  OK  [0m] Stopped target Network (Pre).
[[0;32m  OK  [0m] Stopped Initial cloud-init job (pre-networking).
[[0;32m  OK  [0m] Unmounted /run/user/1000.
[[0;32m  OK  [0m] Reached target Unmount All Filesystems.
[[0;32m  OK  [0m] Stopped target Local File Systems (Pre).
[[0;32m  OK  [0m] Stopped Create Static Device Nodes in /dev.
[[0;32m  OK  [0m] Stopped Remount Root and Kernel File Systems.
[[0;32m  OK  [0m] Reached target Shutdown.
[29113.730064] reboot: Power down
